<?xml version="1.0" encoding="UTF-8"?>
<!-- Generated by org.testng.reporters.JUnitReportReporter -->
<testsuite hostname="a13603c04b6a51a" failures="0" tests="1" name="com.solera.mystore.testcases.IndexPageTest" time="40.272" errors="0" timestamp="2023-09-19T10:23:29 IST" skipped="0">
  <testcase classname="com.solera.mystore.testcases.IndexPageTest" name="loginTest" time="40.272"/>
</testsuite> <!-- com.solera.mystore.testcases.IndexPageTest -->
